<?xml version="1.0" encoding="UTF-8"?>
<!-- Generated by org.testng.reporters.JUnitReportReporter -->
<testsuite skipped="0" hostname="DESKTOP-ESSUESJ" name="amp.api.testcases.Test001_Get_All_Persons" tests="3" failures="0" timestamp="2023-02-14T15:40:50 IST" time="0.024" errors="0">
  <testcase name="checkStatusCode" time="0.000" classname="amp.api.testcases.Test001_Get_All_Persons"/>
  <system-out/>
  <testcase name="checkResponseTime" time="0.002" classname="amp.api.testcases.Test001_Get_All_Persons"/>
  <system-out/>
  <testcase name="checkResponseBody" time="0.022" classname="amp.api.testcases.Test001_Get_All_Persons"/>
  <system-out/>
</testsuite> <!-- amp.api.testcases.Test001_Get_All_Persons -->
