<?xml version="1.0" encoding="UTF-8"?>
<!-- Generated by org.testng.reporters.JUnitReportReporter -->
<testsuite skipped="0" hostname="DESKTOP-ESSUESJ" name="amp.api.testcases.Test001_Get_All_Persons" tests="3" failures="0" timestamp="14 Feb 2023 10:11:22 GMT" time="0.015" errors="0">
  <testcase name="checkStatusCode" time="0.000" classname="amp.api.testcases.Test001_Get_All_Persons"/>
  <testcase name="checkResponseBody" time="0.015" classname="amp.api.testcases.Test001_Get_All_Persons"/>
  <testcase name="checkResponseTime" time="0.000" classname="amp.api.testcases.Test001_Get_All_Persons"/>
</testsuite> <!-- amp.api.testcases.Test001_Get_All_Persons -->
